<?xml version="1.0" encoding="UTF-8"?>
<testsuite xmlns:xsi="http://www.w3.org/2001/XMLSchema-instance" xsi:noNamespaceSchemaLocation="https://maven.apache.org/surefire/maven-surefire-plugin/xsd/surefire-test-report.xsd" name="com.networknt.proxy.ProxyHttpTest" time="0.617" tests="2" errors="0" skipped="0" failures="0">
  <properties>
[...]
</properties>
  <testcase name="testGet" classname="com.networknt.proxy.ProxyHttpTest" time="0.224"/>
  <testcase name="testGetServerInfo" classname="com.networknt.proxy.ProxyHttpTest" time="0.152"/>
</testsuite>